<?xml version="1.0" encoding="UTF-8"?>
<testsuite xmlns:xsi="http://www.w3.org/2001/XMLSchema-instance" xsi:noNamespaceSchemaLocation="https://maven.apache.org/surefire/maven-surefire-plugin/xsd/surefire-test-report-3.0.xsd" version="3.0" name="ak.LoanWhiteBoxTest" time="4.806" tests="23" errors="0" skipped="0" failures="0">
  <properties>
[...]
</properties>
  <testcase name="testMethodsWithDBClosed" classname="ak.LoanWhiteBoxTest" time="0.247">
    <system-out><![CDATA[All data in the database has been erased.
Customer added successfully with ID: CUST-9e62699b
Account created successfully for Hamada
]]></system-out>
    <system-err><![CDATA[Error creating loan: This connection has been closed.
Error retrieving loan: This connection has been closed.
Error retrieving customer loans: This connection has been closed.
Error retrieving all loans: This connection has been closed.
Error removing loan: This connection has been closed.
]]></system-err>
  </testcase>
  <testcase name="testUpdateLoanRequestStatus" classname="ak.LoanWhiteBoxTest" time="0.353">
    <system-out><![CDATA[All data in the database has been erased.
Customer added successfully with ID: CUST-4a52ee3e
Account created successfully for Hamada
]]></system-out>
  </testcase>
  <testcase name="testLoanCreationWithInvalidParameters" classname="ak.LoanWhiteBoxTest" time="0.248">
    <system-out><![CDATA[All data in the database has been erased.
Customer added successfully with ID: CUST-286dbae2
Account created successfully for Hamada
]]></system-out>
  </testcase>
  <testcase name="testLoanMonthlyPaymentCalculation" classname="ak.LoanWhiteBoxTest" time="0.144">
    <system-out><![CDATA[All data in the database has been erased.
Customer added successfully with ID: CUST-df05cf9c
Account created successfully for Hamada
]]></system-out>
  </testcase>
  <testcase name="testPrintCustomerLoans" classname="ak.LoanWhiteBoxTest" time="0.267">
    <system-out><![CDATA[All data in the database has been erased.
Customer added successfully with ID: CUST-6a91f87e
Account created successfully for Hamada
]]></system-out>
  </testcase>
  <testcase name="testGetAllLoans" classname="ak.LoanWhiteBoxTest" time="0.141">
    <system-out><![CDATA[All data in the database has been erased.
Customer added successfully with ID: CUST-8427a3d0
Account created successfully for Hamada
Loan created successfully: LOAN-79d84e8d
]]></system-out>
  </testcase>
  <testcase name="testLoanCreation" classname="ak.LoanWhiteBoxTest" time="0.141">
    <system-out><![CDATA[All data in the database has been erased.
Customer added successfully with ID: CUST-8b1d9e4b
Account created successfully for Hamada
]]></system-out>
  </testcase>
  <testcase name="testGetLoanById" classname="ak.LoanWhiteBoxTest" time="0.265">
    <system-out><![CDATA[All data in the database has been erased.
Customer added successfully with ID: CUST-50ad36b1
Account created successfully for Hamada
Loan created successfully: LOAN-9d70c1f9
]]></system-out>
  </testcase>
  <testcase name="testCreateLoanWithInvalidData" classname="ak.LoanWhiteBoxTest" time="0.263">
    <system-out><![CDATA[All data in the database has been erased.
Customer added successfully with ID: CUST-a092022e
Account created successfully for Hamada
]]></system-out>
  </testcase>
  <testcase name="testSubmitLoanRequestWithEdgeCases" classname="ak.LoanWhiteBoxTest" time="0.21">
    <system-out><![CDATA[All data in the database has been erased.
Customer added successfully with ID: CUST-9d2797bc
Account created successfully for Hamada
]]></system-out>
  </testcase>
  <testcase name="testLoanRequestCreation" classname="ak.LoanWhiteBoxTest" time="0.14">
    <system-out><![CDATA[All data in the database has been erased.
Customer added successfully with ID: CUST-2d980f7c
Account created successfully for Hamada
]]></system-out>
  </testcase>
  <testcase name="testRemoveLoan" classname="ak.LoanWhiteBoxTest" time="0.14">
    <system-out><![CDATA[All data in the database has been erased.
Customer added successfully with ID: CUST-d2a30743
Account created successfully for Hamada
Loan created successfully: LOAN-bfb5289f
]]></system-out>
  </testcase>
  <testcase name="testCloseDB" classname="ak.LoanWhiteBoxTest" time="0.254">
    <system-out><![CDATA[All data in the database has been erased.
Customer added successfully with ID: CUST-ccaad7da
Account created successfully for Hamada
]]></system-out>
    <system-err><![CDATA[Error creating loan: This connection has been closed.
]]></system-err>
  </testcase>
  <testcase name="testGetLoansByCustomer" classname="ak.LoanWhiteBoxTest" time="0.14">
    <system-out><![CDATA[All data in the database has been erased.
Customer added successfully with ID: CUST-107a2ae1
Account created successfully for Hamada
Loan created successfully: LOAN-8909c8f1
]]></system-out>
  </testcase>
  <testcase name="testCreateLoan" classname="ak.LoanWhiteBoxTest" time="0.154">
    <system-out><![CDATA[All data in the database has been erased.
Customer added successfully with ID: CUST-35c8e125
Account created successfully for Hamada
Loan created successfully: LOAN-62e9fdab
]]></system-out>
  </testcase>
  <testcase name="testCreateLoanWithInvalidParameters" classname="ak.LoanWhiteBoxTest" time="0.149">
    <system-out><![CDATA[All data in the database has been erased.
Customer added successfully with ID: CUST-0c7076ed
Account created successfully for Hamada
]]></system-out>
  </testcase>
  <testcase name="testLoanTotalRepaymentCalculation" classname="ak.LoanWhiteBoxTest" time="0.249">
    <system-out><![CDATA[All data in the database has been erased.
Customer added successfully with ID: CUST-0ecc4268
Account created successfully for Hamada
]]></system-out>
  </testcase>
  <testcase name="testLoanDetailsCreation" classname="ak.LoanWhiteBoxTest" time="0.147">
    <system-out><![CDATA[All data in the database has been erased.
Customer added successfully with ID: CUST-6ff7ec9b
Account created successfully for Hamada
]]></system-out>
  </testcase>
  <testcase name="testSubmitLoanRequest" classname="ak.LoanWhiteBoxTest" time="0.383">
    <system-out><![CDATA[All data in the database has been erased.
Customer added successfully with ID: CUST-42edebc9
Account created successfully for Hamada
]]></system-out>
  </testcase>
  <testcase name="testLoanFinancialCalculationsWithEdgeCases" classname="ak.LoanWhiteBoxTest" time="0.147">
    <system-out><![CDATA[All data in the database has been erased.
Customer added successfully with ID: CUST-5b88d84b
Account created successfully for Hamada
]]></system-out>
  </testcase>
  <testcase name="testCreateLoanWithEdgeCases" classname="ak.LoanWhiteBoxTest" time="0.272">
    <system-out><![CDATA[All data in the database has been erased.
Customer added successfully with ID: CUST-3e4bf50e
Account created successfully for Hamada
]]></system-out>
  </testcase>
  <testcase name="testLoanPrintDetails" classname="ak.LoanWhiteBoxTest" time="0.147">
    <system-out><![CDATA[All data in the database has been erased.
Customer added successfully with ID: CUST-57e2e681
Account created successfully for Hamada
Loan ID: LOAN-da21da30
Customer ID: C123
Account Number: ACC123
Loan Amount: $10000.0
Interest Rate: 5.5%
Duration: 60 months
Monthly Payment: $191.01
Total Repayment: $11460.70
]]></system-out>
  </testcase>
  <testcase name="testGetAllLoanRequests" classname="ak.LoanWhiteBoxTest" time="0.203">
    <system-out><![CDATA[All data in the database has been erased.
Customer added successfully with ID: CUST-e1b6f132
Account created successfully for Hamada
]]></system-out>
  </testcase>
</testsuite>