<?xml version="1.0" encoding="UTF-8"?>
<testsuite xmlns:xsi="http://www.w3.org/2001/XMLSchema-instance" xsi:noNamespaceSchemaLocation="https://maven.apache.org/surefire/maven-surefire-plugin/xsd/surefire-test-report-3.0.xsd" version="3.0" name="ak.TransactionWhiteBoxTest" time="6.516" tests="38" errors="0" skipped="0" failures="0">
  <properties>
[...]
</properties>
  <testcase name="testTimestampFormat" classname="ak.TransactionWhiteBoxTest" time="0.117">
    <system-out><![CDATA[All data in the database has been erased.
]]></system-out>
  </testcase>
  <testcase name="testGetToAccount" classname="ak.TransactionWhiteBoxTest" time="0.23">
    <system-out><![CDATA[All data in the database has been erased.
]]></system-out>
  </testcase>
  <testcase name="testCloseDBwithDBClosed" classname="ak.TransactionWhiteBoxTest" time="0.229">
    <system-out><![CDATA[All data in the database has been erased.
]]></system-out>
  </testcase>
  <testcase name="testGetTransactionId" classname="ak.TransactionWhiteBoxTest" time="0.334">
    <system-out><![CDATA[All data in the database has been erased.
]]></system-out>
  </testcase>
  <testcase name="testTransactionWithMaxLengthAccountNumbers" classname="ak.TransactionWhiteBoxTest" time="0.114">
    <system-out><![CDATA[All data in the database has been erased.
]]></system-out>
  </testcase>
  <testcase name="testTransactionWithNullTimestamp" classname="ak.TransactionWhiteBoxTest" time="0.111">
    <system-out><![CDATA[All data in the database has been erased.
]]></system-out>
  </testcase>
  <testcase name="testClose" classname="ak.TransactionWhiteBoxTest" time="0.223">
    <system-out><![CDATA[All data in the database has been erased.
]]></system-out>
    <system-err><![CDATA[Error creating transaction: This connection has been closed.
]]></system-err>
  </testcase>
  <testcase name="testNullAccounts" classname="ak.TransactionWhiteBoxTest" time="0.217">
    <system-out><![CDATA[All data in the database has been erased.
]]></system-out>
  </testcase>
  <testcase name="testTransactionWithCustomTimestamp" classname="ak.TransactionWhiteBoxTest" time="0.341">
    <system-out><![CDATA[All data in the database has been erased.
]]></system-out>
  </testcase>
  <testcase name="testGetTransactionById" classname="ak.TransactionWhiteBoxTest" time="0.27">
    <system-out><![CDATA[All data in the database has been erased.
Customer added successfully with ID: CUST-f68d29ce
Account created successfully for ahmed
Withdrawing 100.0 from account: ACC-401485
Transaction recorded: TXN-ab5566d0
]]></system-out>
  </testcase>
  <testcase name="testSmallAmountTransaction" classname="ak.TransactionWhiteBoxTest" time="0.112">
    <system-out><![CDATA[All data in the database has been erased.
]]></system-out>
  </testcase>
  <testcase name="testGetDate" classname="ak.TransactionWhiteBoxTest" time="0.11">
    <system-out><![CDATA[All data in the database has been erased.
]]></system-out>
  </testcase>
  <testcase name="testGetType" classname="ak.TransactionWhiteBoxTest" time="0.108">
    <system-out><![CDATA[All data in the database has been erased.
]]></system-out>
  </testcase>
  <testcase name="testPrintTransactionDetails" classname="ak.TransactionWhiteBoxTest" time="0.232">
    <system-out><![CDATA[All data in the database has been erased.
Transaction ID: TXN-057f43ec
Type: Deposit
Amount: $250.0
From: ACC123
To: ACC456
Time: null
]]></system-out>
  </testcase>
  <testcase name="testGenerateTransactionId" classname="ak.TransactionWhiteBoxTest" time="0.124">
    <system-out><![CDATA[All data in the database has been erased.
]]></system-out>
  </testcase>
  <testcase name="testGetTransactionByAccountwithDBClosed" classname="ak.TransactionWhiteBoxTest" time="0.109">
    <system-out><![CDATA[All data in the database has been erased.
]]></system-out>
    <system-err><![CDATA[Error retrieving transactions: This connection has been closed.
]]></system-err>
  </testcase>
  <testcase name="testTransactionWithDifferentPrecisionAmounts" classname="ak.TransactionWhiteBoxTest" time="0.108">
    <system-out><![CDATA[All data in the database has been erased.
]]></system-out>
  </testcase>
  <testcase name="testGetCreatedAtwithDBClosed" classname="ak.TransactionWhiteBoxTest" time="0.108">
    <system-out><![CDATA[All data in the database has been erased.
]]></system-out>
    <system-err><![CDATA[Error retrieving transaction timestamp: This connection has been closed.
]]></system-err>
  </testcase>
  <testcase name="testUnsupportedCharactersInTransactionType" classname="ak.TransactionWhiteBoxTest" time="0.117">
    <system-out><![CDATA[All data in the database has been erased.
]]></system-out>
  </testcase>
  <testcase name="testInvalidAmount" classname="ak.TransactionWhiteBoxTest" time="0.326">
    <system-out><![CDATA[All data in the database has been erased.
]]></system-out>
  </testcase>
  <testcase name="testTransactionWithEmptyTimestamp" classname="ak.TransactionWhiteBoxTest" time="0.223">
    <system-out><![CDATA[All data in the database has been erased.
]]></system-out>
  </testcase>
  <testcase name="testValidTransactionFields" classname="ak.TransactionWhiteBoxTest" time="0.259">
    <system-out><![CDATA[All data in the database has been erased.
]]></system-out>
  </testcase>
  <testcase name="testCreateTransactionManagerwithInvalidData" classname="ak.TransactionWhiteBoxTest" time="0.334">
    <system-out><![CDATA[All data in the database has been erased.
]]></system-out>
  </testcase>
  <testcase name="testGenerateTimestamp" classname="ak.TransactionWhiteBoxTest" time="0.226">
    <system-out><![CDATA[All data in the database has been erased.
]]></system-out>
  </testcase>
  <testcase name="testEmptyTransactionIdGeneration" classname="ak.TransactionWhiteBoxTest" time="0.11">
    <system-out><![CDATA[All data in the database has been erased.
]]></system-out>
  </testcase>
  <testcase name="testTransactionTypeCaseSensitivity" classname="ak.TransactionWhiteBoxTest" time="0.107">
    <system-out><![CDATA[All data in the database has been erased.
]]></system-out>
  </testcase>
  <testcase name="testCreateTransactionWithInvalidData" classname="ak.TransactionWhiteBoxTest" time="0.25">
    <system-out><![CDATA[All data in the database has been erased.
Customer added successfully with ID: CUST-c1046ea3
Account created successfully for ahmed
]]></system-out>
  </testcase>
  <testcase name="testGetAmount" classname="ak.TransactionWhiteBoxTest" time="0.236">
    <system-out><![CDATA[All data in the database has been erased.
]]></system-out>
  </testcase>
  <testcase name="testGetTimestamp" classname="ak.TransactionWhiteBoxTest" time="0.109">
    <system-out><![CDATA[All data in the database has been erased.
]]></system-out>
  </testcase>
  <testcase name="testTransactionWithVeryLongType" classname="ak.TransactionWhiteBoxTest" time="0.116">
    <system-out><![CDATA[All data in the database has been erased.
]]></system-out>
  </testcase>
  <testcase name="testGetFromAccount" classname="ak.TransactionWhiteBoxTest" time="0.109">
    <system-out><![CDATA[All data in the database has been erased.
]]></system-out>
  </testcase>
  <testcase name="testTransactionIdUniqueness" classname="ak.TransactionWhiteBoxTest" time="0.106">
    <system-out><![CDATA[All data in the database has been erased.
]]></system-out>
  </testcase>
  <testcase name="testTransactionEquality" classname="ak.TransactionWhiteBoxTest" time="0.106">
    <system-out><![CDATA[All data in the database has been erased.
]]></system-out>
  </testcase>
  <testcase name="testSelfTransferAllowed" classname="ak.TransactionWhiteBoxTest" time="0.105">
    <system-out><![CDATA[All data in the database has been erased.
]]></system-out>
  </testcase>
  <testcase name="testTransactionWithSpecialCharactersInAccountNumbers" classname="ak.TransactionWhiteBoxTest" time="0.106">
    <system-out><![CDATA[All data in the database has been erased.
]]></system-out>
  </testcase>
  <testcase name="testGetCreatedAt" classname="ak.TransactionWhiteBoxTest" time="0.145">
    <system-out><![CDATA[All data in the database has been erased.
Customer added successfully with ID: CUST-b5540312
Account created successfully for ahmed
Withdrawing 100.0 from account: ACC-119782
Transaction recorded: TXN-9e582f88
]]></system-out>
  </testcase>
  <testcase name="testGetTransactionByIdwithDBClosed" classname="ak.TransactionWhiteBoxTest" time="0.112">
    <system-out><![CDATA[All data in the database has been erased.
]]></system-out>
    <system-err><![CDATA[Error retrieving transaction: This connection has been closed.
]]></system-err>
  </testcase>
  <testcase name="testInvalidTransactionType" classname="ak.TransactionWhiteBoxTest" time="0.109">
    <system-out><![CDATA[All data in the database has been erased.
]]></system-out>
  </testcase>
</testsuite>