<?xml version="1.0" encoding="UTF-8"?>
<testsuite xmlns:xsi="http://www.w3.org/2001/XMLSchema-instance" xsi:noNamespaceSchemaLocation="https://maven.apache.org/surefire/maven-surefire-plugin/xsd/surefire-test-report-3.0.xsd" version="3.0" name="ak.TransactionManagerTest" time="1.487" tests="8" errors="0" skipped="0" failures="0">
  <properties>
[...]
</properties>
  <testcase name="testTransferWithInsufficientFunds" classname="ak.TransactionManagerTest" time="0.148">
    <system-out><![CDATA[All data in the database has been erased.
Customer added successfully with ID: CUST-dac3d19d
Account created successfully for John Doe
Account created successfully for Jane Doe
Depositing 1500.0 to account: ACC-910559
Deposited $1500.0 to ACC-910559
Withdrawing 1500.0 from account: ACC-448306
]]></system-out>
  </testcase>
  <testcase name="testTransferZeroAmount" classname="ak.TransactionManagerTest" time="0.347">
    <system-out><![CDATA[All data in the database has been erased.
Customer added successfully with ID: CUST-2e067d0d
Account created successfully for John Doe
Account created successfully for Jane Doe
]]></system-out>
  </testcase>
  <testcase name="testHistoryReturnsEmptyListForAccountWithNoTransactions" classname="ak.TransactionManagerTest" time="0.145">
    <system-out><![CDATA[All data in the database has been erased.
Customer added successfully with ID: CUST-e721a486
Account created successfully for John Doe
Account created successfully for Jane Doe
Account created successfully for New Account
]]></system-out>
  </testcase>
  <testcase name="testNullDestinationAccount" classname="ak.TransactionManagerTest" time="0.139">
    <system-out><![CDATA[All data in the database has been erased.
Customer added successfully with ID: CUST-a178f05d
Account created successfully for John Doe
Account created successfully for Jane Doe
]]></system-out>
  </testcase>
  <testcase name="testValidTransactionCreation" classname="ak.TransactionManagerTest" time="0.148">
    <system-out><![CDATA[All data in the database has been erased.
Customer added successfully with ID: CUST-0ded6e2a
Account created successfully for John Doe
Account created successfully for Jane Doe
Depositing 200.0 to account: ACC-349114
Deposited $200.0 to ACC-349114
Withdrawing 200.0 from account: ACC-093599
Transaction recorded: TXN-fbee7577
]]></system-out>
  </testcase>
  <testcase name="testTransactionHistoryMultiple" classname="ak.TransactionManagerTest" time="0.148">
    <system-out><![CDATA[All data in the database has been erased.
Customer added successfully with ID: CUST-18f2eb13
Account created successfully for John Doe
Account created successfully for Jane Doe
Depositing 100.0 to account: ACC-711853
Deposited $100.0 to ACC-711853
Withdrawing 100.0 from account: ACC-147886
Transaction recorded: TXN-09ab15ba
Depositing 50.0 to account: ACC-711853
Deposited $50.0 to ACC-711853
Withdrawing 50.0 from account: ACC-147886
Transaction recorded: TXN-d792b74a
]]></system-out>
  </testcase>
  <testcase name="testTransferNegativeAmount" classname="ak.TransactionManagerTest" time="0.137">
    <system-out><![CDATA[All data in the database has been erased.
Customer added successfully with ID: CUST-208b2f09
Account created successfully for John Doe
Account created successfully for Jane Doe
]]></system-out>
  </testcase>
  <testcase name="testNullSourceAccount" classname="ak.TransactionManagerTest" time="0.263">
    <system-out><![CDATA[All data in the database has been erased.
Customer added successfully with ID: CUST-3e91016c
Account created successfully for John Doe
Account created successfully for Jane Doe
]]></system-out>
  </testcase>
</testsuite>