<?xml version="1.0" encoding="UTF-8"?>
<testsuite xmlns:xsi="http://www.w3.org/2001/XMLSchema-instance" xsi:noNamespaceSchemaLocation="https://maven.apache.org/surefire/maven-surefire-plugin/xsd/surefire-test-report-3.0.xsd" version="3.0" name="ak.TransactionManagerTest" time="1.854" tests="8" errors="0" skipped="0" failures="0">
  <properties>
[...]
</properties>
  <testcase name="testTransferWithInsufficientFunds" classname="ak.TransactionManagerTest" time="0.266">
    <system-out><![CDATA[All data in the database has been erased.
Customer added successfully with ID: CUST-f8e23d50
Account created successfully for John Doe
Account created successfully for Jane Doe
Depositing 1500.0 to account: ACC-468985
Deposited $1500.0 to ACC-468985
Withdrawing 1500.0 from account: ACC-547472
]]></system-out>
  </testcase>
  <testcase name="testTransferZeroAmount" classname="ak.TransactionManagerTest" time="0.149">
    <system-out><![CDATA[All data in the database has been erased.
Customer added successfully with ID: CUST-6e13fa17
Account created successfully for John Doe
Account created successfully for Jane Doe
]]></system-out>
  </testcase>
  <testcase name="testHistoryReturnsEmptyListForAccountWithNoTransactions" classname="ak.TransactionManagerTest" time="0.248">
    <system-out><![CDATA[All data in the database has been erased.
Customer added successfully with ID: CUST-44961734
Account created successfully for John Doe
Account created successfully for Jane Doe
Account created successfully for New Account
]]></system-out>
  </testcase>
  <testcase name="testNullDestinationAccount" classname="ak.TransactionManagerTest" time="0.155">
    <system-out><![CDATA[All data in the database has been erased.
Customer added successfully with ID: CUST-0abd9154
Account created successfully for John Doe
Account created successfully for Jane Doe
]]></system-out>
  </testcase>
  <testcase name="testValidTransactionCreation" classname="ak.TransactionManagerTest" time="0.367">
    <system-out><![CDATA[All data in the database has been erased.
Customer added successfully with ID: CUST-94319e71
Account created successfully for John Doe
Account created successfully for Jane Doe
Depositing 200.0 to account: ACC-424438
Deposited $200.0 to ACC-424438
Withdrawing 200.0 from account: ACC-739048
Transaction recorded: TXN-88d13b00
]]></system-out>
  </testcase>
  <testcase name="testTransactionHistoryMultiple" classname="ak.TransactionManagerTest" time="0.371">
    <system-out><![CDATA[All data in the database has been erased.
Customer added successfully with ID: CUST-10ee72ca
Account created successfully for John Doe
Account created successfully for Jane Doe
Depositing 100.0 to account: ACC-255648
Deposited $100.0 to ACC-255648
Withdrawing 100.0 from account: ACC-098281
Transaction recorded: TXN-4dd281b3
Depositing 50.0 to account: ACC-255648
Deposited $50.0 to ACC-255648
Withdrawing 50.0 from account: ACC-098281
Transaction recorded: TXN-e75ff55d
]]></system-out>
  </testcase>
  <testcase name="testTransferNegativeAmount" classname="ak.TransactionManagerTest" time="0.155">
    <system-out><![CDATA[All data in the database has been erased.
Customer added successfully with ID: CUST-7a52ba33
Account created successfully for John Doe
Account created successfully for Jane Doe
]]></system-out>
  </testcase>
  <testcase name="testNullSourceAccount" classname="ak.TransactionManagerTest" time="0.142">
    <system-out><![CDATA[All data in the database has been erased.
Customer added successfully with ID: CUST-ce7a26b9
Account created successfully for John Doe
Account created successfully for Jane Doe
]]></system-out>
  </testcase>
</testsuite>