<?xml version="1.0" encoding="UTF-8"?>
<testsuite xmlns:xsi="http://www.w3.org/2001/XMLSchema-instance" xsi:noNamespaceSchemaLocation="https://maven.apache.org/surefire/maven-surefire-plugin/xsd/surefire-test-report-3.0.xsd" version="3.0" name="ak.AccountWhiteBoxTest" time="13.815" tests="56" errors="0" skipped="0" failures="0">
  <properties>
[...]
</properties>
  <testcase name="testWithdrawValidAmount" classname="ak.AccountWhiteBoxTest" time="0.186">
    <system-out><![CDATA[All data in the database has been erased.
Customer added successfully with ID: CUST-6a7491d4
Database connection closed successfully.
]]></system-out>
  </testcase>
  <testcase name="overdraftExactLimitAllowed" classname="ak.AccountWhiteBoxTest" time="0.164">
    <system-out><![CDATA[All data in the database has been erased.
Customer added successfully with ID: CUST-36cf4527
Database connection closed successfully.
]]></system-out>
  </testcase>
  <testcase name="testCheckingAccountWithdrawExceedingOverdraftLimit" classname="ak.AccountWhiteBoxTest" time="0.315">
    <system-out><![CDATA[All data in the database has been erased.
Customer added successfully with ID: CUST-a16b5e41
Database connection closed successfully.
]]></system-out>
  </testcase>
  <testcase name="withdrawFromInactiveAccountThrows" classname="ak.AccountWhiteBoxTest" time="0.19">
    <system-out><![CDATA[All data in the database has been erased.
Customer added successfully with ID: CUST-515fcd76
Database connection closed successfully.
]]></system-out>
  </testcase>
  <testcase name="addInterest_tinyBalanceRoundsUp" classname="ak.AccountWhiteBoxTest" time="0.291">
    <system-out><![CDATA[All data in the database has been erased.
Customer added successfully with ID: CUST-4414f1c0
Deposited $0.001 to ACC-849428
Database connection closed successfully.
]]></system-out>
  </testcase>
  <testcase name="testAccountCreation" classname="ak.AccountWhiteBoxTest" time="0.176">
    <system-out><![CDATA[All data in the database has been erased.
Customer added successfully with ID: CUST-72bd3b40
Database connection closed successfully.
]]></system-out>
  </testcase>
  <testcase name="testProcessTransactionWithdrawal" classname="ak.AccountWhiteBoxTest" time="0.403">
    <system-out><![CDATA[All data in the database has been erased.
Customer added successfully with ID: CUST-e9853fa1
Account created successfully for Test User
Withdrawing 50.0 from account: ACC-141027
Transaction recorded: TXN-f525bd3e
Database connection closed successfully.
]]></system-out>
  </testcase>
  <testcase name="testIsActivatedTrueInitially" classname="ak.AccountWhiteBoxTest" time="0.29">
    <system-out><![CDATA[All data in the database has been erased.
Customer added successfully with ID: CUST-b974dcd4
Database connection closed successfully.
]]></system-out>
  </testcase>
  <testcase name="testCreateCheckingAccount" classname="ak.AccountWhiteBoxTest" time="0.178">
    <system-out><![CDATA[All data in the database has been erased.
Customer added successfully with ID: CUST-405359ef
Database connection closed successfully.
]]></system-out>
    <system-err><![CDATA[Error creating account: ERROR: insert or update on table "accounts" violates foreign key constraint "accounts_customer_id_fkey"
  Detail: Key (customer_id)=(C2) is not present in table "customers".
]]></system-err>
  </testcase>
  <testcase name="toggleActivationTwiceRestoresOriginalState" classname="ak.AccountWhiteBoxTest" time="0.176">
    <system-out><![CDATA[All data in the database has been erased.
Customer added successfully with ID: CUST-b71964ad
Database connection closed successfully.
]]></system-out>
  </testcase>
  <testcase name="processTransactionWithNullTypeThrows" classname="ak.AccountWhiteBoxTest" time="0.281">
    <system-out><![CDATA[All data in the database has been erased.
Customer added successfully with ID: CUST-3a8842d6
Database connection closed successfully.
]]></system-out>
  </testcase>
  <testcase name="toggleActivationOffThenOn" classname="ak.AccountWhiteBoxTest" time="0.295">
    <system-out><![CDATA[All data in the database has been erased.
Customer added successfully with ID: CUST-eae35048
Database connection closed successfully.
]]></system-out>
  </testcase>
  <testcase name="depositZeroToInactiveThrows" classname="ak.AccountWhiteBoxTest" time="0.184">
    <system-out><![CDATA[All data in the database has been erased.
Customer added successfully with ID: CUST-225016a8
Database connection closed successfully.
]]></system-out>
  </testcase>
  <testcase name="addInterestOnZeroBalanceShouldStayZero" classname="ak.AccountWhiteBoxTest" time="0.286">
    <system-out><![CDATA[All data in the database has been erased.
Customer added successfully with ID: CUST-ba4370af
Database connection closed successfully.
]]></system-out>
  </testcase>
  <testcase name="testCreateAccountWithNegativeOverdraftLimit" classname="ak.AccountWhiteBoxTest" time="0.178">
    <system-out><![CDATA[All data in the database has been erased.
Customer added successfully with ID: CUST-8fc388f8
Database connection closed successfully.
]]></system-out>
  </testcase>
  <testcase name="constructorWithExplicitNumber" classname="ak.AccountWhiteBoxTest" time="0.278">
    <system-out><![CDATA[All data in the database has been erased.
Customer added successfully with ID: CUST-2fc43236
Database connection closed successfully.
]]></system-out>
  </testcase>
  <testcase name="testCheckingAccountCreationWithNegativeOverdraftLimit" classname="ak.AccountWhiteBoxTest" time="0.512">
    <system-out><![CDATA[All data in the database has been erased.
Customer added successfully with ID: CUST-be1566dd
Database connection closed successfully.
]]></system-out>
  </testcase>
  <testcase name="testIsAccountOwnedByCustomer" classname="ak.AccountWhiteBoxTest" time="0.331">
    <system-out><![CDATA[All data in the database has been erased.
Customer added successfully with ID: CUST-9e0af694
Account created successfully for Test User
Database connection closed successfully.
]]></system-out>
  </testcase>
  <testcase name="withdrawZeroFromInactiveThrows" classname="ak.AccountWhiteBoxTest" time="0.172">
    <system-out><![CDATA[All data in the database has been erased.
Customer added successfully with ID: CUST-674738c3
Database connection closed successfully.
]]></system-out>
  </testcase>
  <testcase name="testCheckingAccountWithdrawInactive" classname="ak.AccountWhiteBoxTest" time="0.296">
    <system-out><![CDATA[All data in the database has been erased.
Customer added successfully with ID: CUST-4d1984d4
Database connection closed successfully.
]]></system-out>
  </testcase>
  <testcase name="checkingWithdrawToLimit" classname="ak.AccountWhiteBoxTest" time="0.506">
    <system-out><![CDATA[All data in the database has been erased.
Customer added successfully with ID: CUST-30489f6b
Database connection closed successfully.
]]></system-out>
  </testcase>
  <testcase name="testSavingsAccountAddInterest" classname="ak.AccountWhiteBoxTest" time="0.282">
    <system-out><![CDATA[All data in the database has been erased.
Customer added successfully with ID: CUST-7846cf4c
Deposited $50.0 to ACC-120821
Database connection closed successfully.
]]></system-out>
  </testcase>
  <testcase name="constructorAutoGeneratesNumber" classname="ak.AccountWhiteBoxTest" time="0.172">
    <system-out><![CDATA[All data in the database has been erased.
Customer added successfully with ID: CUST-c6b05964
Database connection closed successfully.
]]></system-out>
  </testcase>
  <testcase name="addZeroPercentInterestShouldNotChangeBalance" classname="ak.AccountWhiteBoxTest" time="0.279">
    <system-out><![CDATA[All data in the database has been erased.
Customer added successfully with ID: CUST-5df7198b
Database connection closed successfully.
]]></system-out>
  </testcase>
  <testcase name="testAccountNumberFormat" classname="ak.AccountWhiteBoxTest" time="0.169">
    <system-out><![CDATA[All data in the database has been erased.
Customer added successfully with ID: CUST-6266bc5e
Database connection closed successfully.
]]></system-out>
  </testcase>
  <testcase name="testDeleteNonExistingAccount" classname="ak.AccountWhiteBoxTest" time="0.391">
    <system-out><![CDATA[All data in the database has been erased.
Customer added successfully with ID: CUST-da700cc2
Account not found.
Database connection closed successfully.
]]></system-out>
  </testcase>
  <testcase name="testGetAccountByNumber" classname="ak.AccountWhiteBoxTest" time="0.181">
    <system-out><![CDATA[All data in the database has been erased.
Customer added successfully with ID: CUST-38039ffd
Account created successfully for Test User
Database connection closed successfully.
]]></system-out>
  </testcase>
  <testcase name="testGetBalance" classname="ak.AccountWhiteBoxTest" time="0.181">
    <system-out><![CDATA[All data in the database has been erased.
Customer added successfully with ID: CUST-3f25620d
Database connection closed successfully.
]]></system-out>
  </testcase>
  <testcase name="testGetCustomerId" classname="ak.AccountWhiteBoxTest" time="0.276">
    <system-out><![CDATA[All data in the database has been erased.
Customer added successfully with ID: CUST-d7f71207
Database connection closed successfully.
]]></system-out>
  </testcase>
  <testcase name="addInterestHighBalance" classname="ak.AccountWhiteBoxTest" time="0.177">
    <system-out><![CDATA[All data in the database has been erased.
Customer added successfully with ID: CUST-341ecb50
Deposited $50000.0 to ACC-325804
Database connection closed successfully.
]]></system-out>
  </testcase>
  <testcase name="processTransaction_noMatchingAccount_noChange" classname="ak.AccountWhiteBoxTest" time="0.287">
    <system-out><![CDATA[All data in the database has been erased.
Customer added successfully with ID: CUST-bf5fc36b
Database connection closed successfully.
]]></system-out>
  </testcase>
  <testcase name="testGetHolderName" classname="ak.AccountWhiteBoxTest" time="0.197">
    <system-out><![CDATA[All data in the database has been erased.
Customer added successfully with ID: CUST-82ec6d22
Database connection closed successfully.
]]></system-out>
  </testcase>
  <testcase name="testProcessTransactionDeposit" classname="ak.AccountWhiteBoxTest" time="0.393">
    <system-out><![CDATA[All data in the database has been erased.
Customer added successfully with ID: CUST-2f4d9c41
Account created successfully for Test User
Depositing 50.0 to account: ACC-936154
Deposited $50.0 to ACC-936154
Transaction recorded: TXN-6060fae4
Database connection closed successfully.
]]></system-out>
  </testcase>
  <testcase name="testDeleteAccount" classname="ak.AccountWhiteBoxTest" time="0.18">
    <system-out><![CDATA[All data in the database has been erased.
Customer added successfully with ID: CUST-6d8b7449
Account created successfully for Test User
Account deleted.
Database connection closed successfully.
]]></system-out>
  </testcase>
  <testcase name="overdraftSlightlyOverLimitRejected" classname="ak.AccountWhiteBoxTest" time="0.174">
    <system-out><![CDATA[All data in the database has been erased.
Customer added successfully with ID: CUST-739726ef
Database connection closed successfully.
]]></system-out>
  </testcase>
  <testcase name="testProcessTransactionTransfer" classname="ak.AccountWhiteBoxTest" time="0.176">
    <system-out><![CDATA[All data in the database has been erased.
Customer added successfully with ID: CUST-7e8de6b4
Account created successfully for From User
Account created successfully for To User
Depositing 50.0 to account: ACC-491165
Deposited $50.0 to ACC-491165
Withdrawing 50.0 from account: ACC-051759
Transaction recorded: TXN-5024ac07
Database connection closed successfully.
]]></system-out>
  </testcase>
  <testcase name="testSavingsAccountCreationWithNegativeInterestRate" classname="ak.AccountWhiteBoxTest" time="0.171">
    <system-out><![CDATA[All data in the database has been erased.
Customer added successfully with ID: CUST-8bfeed26
Database connection closed successfully.
]]></system-out>
  </testcase>
  <testcase name="testDepositNegativeAmount" classname="ak.AccountWhiteBoxTest" time="0.291">
    <system-out><![CDATA[All data in the database has been erased.
Customer added successfully with ID: CUST-b75c56b7
Database connection closed successfully.
]]></system-out>
  </testcase>
  <testcase name="testProcessInvalidTransaction" classname="ak.AccountWhiteBoxTest" time="0.167">
    <system-out><![CDATA[All data in the database has been erased.
Customer added successfully with ID: CUST-502eefd3
Database connection closed successfully.
]]></system-out>
  </testcase>
  <testcase name="addInterestWhenDeactivatedThrows" classname="ak.AccountWhiteBoxTest" time="0.177">
    <system-out><![CDATA[All data in the database has been erased.
Customer added successfully with ID: CUST-8c38a9cb
Database connection closed successfully.
]]></system-out>
  </testcase>
  <testcase name="testCreateSavingsAccount" classname="ak.AccountWhiteBoxTest" time="0.172">
    <system-out><![CDATA[All data in the database has been erased.
Customer added successfully with ID: CUST-eb6b877e
Database connection closed successfully.
]]></system-out>
    <system-err><![CDATA[Error creating account: ERROR: insert or update on table "accounts" violates foreign key constraint "accounts_customer_id_fkey"
  Detail: Key (customer_id)=(C1) is not present in table "customers".
]]></system-err>
  </testcase>
  <testcase name="processTransaction_invalidBothNull" classname="ak.AccountWhiteBoxTest" time="0.18">
    <system-out><![CDATA[All data in the database has been erased.
Customer added successfully with ID: CUST-ae4b87c9
Database connection closed successfully.
]]></system-out>
  </testcase>
  <testcase name="testDepositPositiveAmount" classname="ak.AccountWhiteBoxTest" time="0.27">
    <system-out><![CDATA[All data in the database has been erased.
Customer added successfully with ID: CUST-03766a6e
Deposited $500.0 to ACC-694918
Database connection closed successfully.
]]></system-out>
  </testcase>
  <testcase name="testWithdrawNegativeAmount" classname="ak.AccountWhiteBoxTest" time="0.3">
    <system-out><![CDATA[All data in the database has been erased.
Customer added successfully with ID: CUST-045a6e34
Database connection closed successfully.
]]></system-out>
  </testcase>
  <testcase name="testUpdateAccountActivation" classname="ak.AccountWhiteBoxTest" time="0.313">
    <system-out><![CDATA[All data in the database has been erased.
Customer added successfully with ID: CUST-fa03c15b
Account created successfully for Test User
Database connection closed successfully.
]]></system-out>
  </testcase>
  <testcase name="setActivatedTogglesFlag" classname="ak.AccountWhiteBoxTest" time="0.168">
    <system-out><![CDATA[All data in the database has been erased.
Customer added successfully with ID: CUST-b7fe3d94
Database connection closed successfully.
]]></system-out>
  </testcase>
  <testcase name="depositToInactiveAccountThrows" classname="ak.AccountWhiteBoxTest" time="0.29">
    <system-out><![CDATA[All data in the database has been erased.
Customer added successfully with ID: CUST-40cad7bb
Database connection closed successfully.
]]></system-out>
  </testcase>
  <testcase name="testDisplayAllAccounts" classname="ak.AccountWhiteBoxTest" time="0.281">
    <system-out><![CDATA[All data in the database has been erased.
Customer added successfully with ID: CUST-ffb0dfbe
Database connection closed successfully.
]]></system-out>
    <system-err><![CDATA[Error creating account: ERROR: insert or update on table "accounts" violates foreign key constraint "accounts_customer_id_fkey"
  Detail: Key (customer_id)=(C12) is not present in table "customers".
]]></system-err>
  </testcase>
  <testcase name="testWithdrawAmountGreaterThanBalance" classname="ak.AccountWhiteBoxTest" time="0.284">
    <system-out><![CDATA[All data in the database has been erased.
Customer added successfully with ID: CUST-247a20e0
Database connection closed successfully.
]]></system-out>
  </testcase>
  <testcase name="testAccountCreationWithNegativeBalance" classname="ak.AccountWhiteBoxTest" time="0.177">
    <system-out><![CDATA[All data in the database has been erased.
Customer added successfully with ID: CUST-51ee8ab5
Database connection closed successfully.
]]></system-out>
  </testcase>
  <testcase name="savingsWithdrawLeavesZeroBalance" classname="ak.AccountWhiteBoxTest" time="0.173">
    <system-out><![CDATA[All data in the database has been erased.
Customer added successfully with ID: CUST-0fbaf43f
Database connection closed successfully.
]]></system-out>
  </testcase>
  <testcase name="depositRejectsZeroOrNegative" classname="ak.AccountWhiteBoxTest" time="0.167">
    <system-out><![CDATA[All data in the database has been erased.
Customer added successfully with ID: CUST-b83230b0
Database connection closed successfully.
]]></system-out>
  </testcase>
  <testcase name="testCheckingAccountWithdrawWithinOverdraftLimit" classname="ak.AccountWhiteBoxTest" time="0.273">
    <system-out><![CDATA[All data in the database has been erased.
Customer added successfully with ID: CUST-9a701d16
Database connection closed successfully.
]]></system-out>
  </testcase>
  <testcase name="testSavingsAccountAddInterestInactive" classname="ak.AccountWhiteBoxTest" time="0.282">
    <system-out><![CDATA[All data in the database has been erased.
Customer added successfully with ID: CUST-545da62b
Database connection closed successfully.
]]></system-out>
  </testcase>
  <testcase name="testAccountManagerInitialization" classname="ak.AccountWhiteBoxTest" time="0.185">
    <system-out><![CDATA[All data in the database has been erased.
Customer added successfully with ID: CUST-5f832726
Database connection closed successfully.
]]></system-out>
    <system-err><![CDATA[Error creating account: ERROR: insert or update on table "accounts" violates foreign key constraint "accounts_customer_id_fkey"
  Detail: Key (customer_id)=(C0) is not present in table "customers".
]]></system-err>
  </testcase>
  <testcase name="savingsWithdraw_exactBalance" classname="ak.AccountWhiteBoxTest" time="0.281">
    <system-out><![CDATA[All data in the database has been erased.
Customer added successfully with ID: CUST-5929dfa3
Database connection closed successfully.
]]></system-out>
  </testcase>
</testsuite>