<?xml version="1.0" encoding="UTF-8"?>
<testsuite xmlns:xsi="http://www.w3.org/2001/XMLSchema-instance" xsi:noNamespaceSchemaLocation="https://maven.apache.org/surefire/maven-surefire-plugin/xsd/surefire-test-report-3.0.xsd" version="3.0" name="ak.PasswordUtilsTest" time="0.003" tests="5" errors="0" skipped="0" failures="0">
  <properties>
[...]
</properties>
  <testcase name="testDifferentPasswordsHaveDifferentHashes" classname="ak.PasswordUtilsTest" time="0.001"/>
  <testcase name="testHashPassword_Consistency" classname="ak.PasswordUtilsTest" time="0.001"/>
  <testcase name="testVerifyPassword_Correct" classname="ak.PasswordUtilsTest" time="0.0"/>
  <testcase name="testHashPassword_NotNull" classname="ak.PasswordUtilsTest" time="0.001"/>
  <testcase name="testVerifyPassword_Incorrect" classname="ak.PasswordUtilsTest" time="0.0"/>
</testsuite>